 Program Crystal
 GIT Version: 5c874f-dirty
 MPI OK
 parser:Reading parameters from DEFINITIONS.txt                                   
 parser:Set stdout = 6
 parser:Set sigmar = 0.0
 parser:Set electroflag = 1
 parser:Set verbose = 5
 parser:Set dimx = 70
 parser:Set dimy = 70
 parser:Set dimz = 110
 parser:Set delta = 0.3
 parser:Set dx = 0.0
 parser:Set dy = 0.0
 parser:Set dz = 0.0
 parser:Set gama = 90.0
 parser:Set cdiva = 1.0
 parser:Set PBC = 0 0 0 0 0 0
 parser:Set infile = 0
 parser:Set vscan = 3
 parser:Set npH = 4
 parser:Set hguess = 3
 parser:Set hring = 6
 parser:Set oval = 0.8
 parser:Set nkp = 1
 parser:Set nst = 1
 parser:Set benergy = 0.0
 parser:Set Xucutoff = 0.0
 parser:Set long = 15
 parser:Set lseg = 0.5
 parser:Set cuantas = 50000
 parser:Set csalt = 0.2
 parser:Set vpol = 0.11
 parser:Set vsol = 0.03
 parser:Set vtkflag = 0
 parser:Set scx = 1
 parser:Set scy = 1
 parser:Set scz = 1
 parser:Set dielP = 78.54
 parser:Set dielS = 78.54
 parser:Set systemtype = 70
 parser:Set protein center of mass           1 pos to   10.500000000000000        10.500000000000000        15.900000000000000     
 parser:Set readchains = 0
 parser:Set randominput = 0
 parser:Set seed = 938121
 parser:Set fz = 0.0
 transform:Volume of a lattice cell in real space   2.7000000000000000E-002 nm^3
 transform:Volume of a lattice cell in transformed space   2.7000000000000000E-002 nm^3
 transform:a / nm    21.000000000000000     
 transform:b / nm    21.000000000000000     
 transform:c / nm    33.000000000000000     
 transform:gama    90.000075132141504     
 transform:c/a   1.5714285714285714     
 transform:c/b   1.5714285714285714     
 transform:cell volume    14553.000000000000      nm^3
 transform:Coordinates of particle           1  in real space    10.500000000000000        10.500000000000000        15.900000000000000     
 kais: Kai calculation
 kais: New Xulimit           0
 kais: Sum Xulimit   0.0000000000000000     
 kais: Total Sum   0.0000000000000000     
 Kai OK
 channel-part:update_matrix: Total discretized volumen =   9154.3419011087208     
 Particle OK
 creador:graftingpoints:
 creador:ncha =           16
 creador: cpp               1  =            2
 creador: cppini            1  =            1
 creador: cppfin            1  =            2
 creador:!!!!!!!!!!!!!!!!!!!!!!!!!
 creador: cpp               2  =            2
 creador: cppini            2  =            3
 creador: cppfin            2  =            4
 creador:!!!!!!!!!!!!!!!!!!!!!!!!!
 creador: cpp               3  =            2
 creador: cppini            3  =            5
 creador: cppfin            3  =            6
 creador:!!!!!!!!!!!!!!!!!!!!!!!!!
 creador: cpp               4  =            2
 creador: cppini            4  =            7
 creador: cppfin            4  =            8
 creador:!!!!!!!!!!!!!!!!!!!!!!!!!
 creador: cpp               5  =            2
 creador: cppini            5  =            9
 creador: cppfin            5  =           10
 creador:!!!!!!!!!!!!!!!!!!!!!!!!!
 creador: cpp               6  =            2
 creador: cppini            6  =           11
 creador: cppfin            6  =           12
 creador:!!!!!!!!!!!!!!!!!!!!!!!!!
 creador: cpp               7  =            2
 creador: cppini            7  =           13
 creador: cppfin            7  =           14
 creador:!!!!!!!!!!!!!!!!!!!!!!!!!
 creador: cpp               8  =            2
 creador: cppini            8  =           15
 creador: cppfin            8  =           16
 creador:!!!!!!!!!!!!!!!!!!!!!!!!!
 Graftpoints OK
 Creador OK
 switch to pH =    10.000000000000000     
 solve: Enter solver      1078000  eqs
FKINSETIIN: Unrecognized key.

 fkfun:           1   6456.9198113254415        10750.279208307906     
 fkfun:           2   6456.9201939362592        10750.279538653498     
 fkfun:           3   6456.9194134459194        10750.279971260763     
 fkfun:           4   6456.9202518596248        10750.279893341341     
 fkfun:           5   184343.18673584997        2604.0554121340488     
 fkfun:           6   184343.94541988312        2604.0555912793639     
 fkfun:           7   184343.94541988312        2604.0555912793639     
 fkfun:           8   45546.093201287164        2539.1115199069545     
 fkfun:           9   45546.183236063458        2539.1118176600530     
 fkfun:          10   45546.183236063458        2539.1118176600530     
 fkfun:          11   10058.408945948007        2323.6293896569341     
 fkfun:          12   10058.395572252390        2323.6290182003954     
 fkfun:          13   10058.395572252390        2323.6290182003954     
 fkfun:          14   1815.4740306427716        1884.1639835300857     
 fkfun:          15   1815.4734691244128        1884.1636023088151     
 fkfun:          16   1815.4734691244128        1884.1636023088151     
 fkfun:          17   712.12263527687378        823.93935362172272     
 fkfun:          18   712.12259446050462        823.93917513355814     
 fkfun:          19   712.12264305490282        823.93935349709898     
 fkfun:          20   712.12263719880434        823.93937406485043     
 fkfun:          21   712.12263992074634        823.93933278264637     
 fkfun:          22   712.12266987128726        823.93931994649677     
 fkfun:          23   712.12258303757449        823.93913513034477     
 fkfun:          24   145.84009158149669        3.8589574253509480     
 fkfun:          25   145.84003036879957        3.8589565238700936     
 fkfun:          26   145.84014421029104        3.8589573479671002     
 fkfun:          27   145.84009293277526        3.8589573632674052     
 fkfun:          28   145.84009793889578        3.8589575015587898     
 fkfun:          29   145.84009693997626        3.8589575111697902     
 fkfun:          30   145.84009419457959        3.8589574090660781     
 fkfun:          31   145.84009160157962        3.8589573928594065     
 fkfun:          32   145.84009224673434        3.8589573800456991     
 fkfun:          33   145.84009408438035        3.8589573555768824     
 fkfun:          34   145.84007686904559        3.8589563228159793     
 fkfun:          35   21.482440193400762        2.3400442981812642E-002
 fkfun:          36   21.482505590813158        2.3400444179586109E-002
 fkfun:          37   21.482480297181635        2.3400442817493709E-002
 fkfun:          38   21.482435374024039        2.3400442609448496E-002
 fkfun:          39   21.482430844237982        2.3400442337325127E-002
 fkfun:          40   21.482442673896671        2.3400442060534560E-002
 fkfun:          41   21.482432875879116        2.3400442046721256E-002
 fkfun:          42   21.482451566498828        2.3400442367399219E-002
 fkfun:          43   21.482440025700825        2.3400442046052624E-002
 fkfun:          44   21.482439027639440        2.3400442180701597E-002
 fkfun:          45   21.482445032915063        2.3400442717536711E-002
 fkfun:          46   21.482430693953198        2.3400443222823954E-002
 fkfun:          47   21.482448192506990        2.3400443077929409E-002
 fkfun:          48   21.482437463789402        2.3400443035906458E-002
 fkfun:          49   21.482445590849409        2.3400443084582417E-002
 fkfun:          50   21.482435301924372        2.3400443059204280E-002
 fkfun:          51   21.482442449720605        2.3400442698135123E-002
 fkfun:          52   21.482439143295149        2.3400442494116314E-002
 fkfun:          53   21.482439096228777        2.3400442446136160E-002
 fkfun:          54   21.482435276956927        2.3400439627976909E-002
 fkfun:          55  0.86267469898241678        6.8344207123297298E-003
 fkfun:          56  0.86266095753805594        6.8344206987087392E-003
 fkfun:          57  0.86268430455794254        6.8344206855954171E-003
 fkfun:          58  0.86267528259824489        6.8344205939162624E-003
 fkfun:          59  0.86267363726514179        6.8344207111056795E-003
 fkfun:          60  0.86267403946713828        6.8344207514869984E-003
 fkfun:          61  0.86267442450151866        6.8344207605672419E-003
 fkfun:          62  0.86267479281505410        6.8344207295921600E-003
 fkfun:          63  0.86267475827998996        6.8344206826525212E-003
 fkfun:          64  0.86267452574492942        6.8344206121721020E-003
 fkfun:          65  0.86267544486574588        6.8344205717835249E-003
 fkfun:          66  0.86267417857102424        6.8344206572176474E-003
 fkfun:          67  0.86267508064235421        6.8344207134123256E-003
 fkfun:          68  0.86267428913205235        6.8344206885604525E-003
 fkfun:          69  0.86267451077952684        6.8344206458278321E-003
 fkfun:          70  0.86267553772855832        6.8344206168345009E-003
 fkfun:          71  0.86267430535218048        6.8344205988868896E-003
 fkfun:          72  0.86267536960671598        6.8344206168209848E-003
 fkfun:          73  0.86267409883836765        6.8344206047847066E-003
 fkfun:          74  0.86267402348369937        6.8344206767652609E-003
 fkfun:          75  0.86267424629577760        6.8344206604222246E-003
 fkfun:          76  0.86267528199072852        6.8344206774141551E-003
 fkfun:          77  0.86267386613077623        6.8344207276316484E-003
 fkfun:          78  0.86267508482945288        6.8344207290510347E-003
 fkfun:          79  0.86267455251560032        6.8344206814440018E-003
 fkfun:          80  0.86267436213624471        6.8344206276574528E-003
 fkfun:          81  0.86267520165472167        6.8344206160410696E-003
 fkfun:          82  0.86267400745301925        6.8344205864312117E-003
 fkfun:          83  0.86267533794736950        6.8344205282904694E-003
 fkfun:          84  0.86267458788815898        6.8344205220093445E-003
 fkfun:          85  0.86267474993630999        6.8344205710580428E-003
 fkfun:          86  0.86267475071009669        6.8344205963076464E-003
 fkfun:          87  0.86267389282105322        6.8344205781597396E-003
 fkfun:          88  0.86267509307121026        6.8344205791645860E-003
 fkfun:          89  0.86267398095593695        6.8344205420615943E-003
 fkfun:          90  0.86267536326957539        6.8344205158337229E-003
 fkfun:          91  0.86267391503079016        6.8344205803712310E-003
 fkfun:          92  0.86267534836556103        6.8344206599171226E-003
 fkfun:          93  0.86267444042701291        6.8344206926714271E-003
 fkfun:          94  0.86267471305371379        6.8344206109488071E-003
 fkfun:          95  0.86267448687129822        6.8344205716974384E-003
 fkfun:          96   4.9641850353514894E-003   5.7861243384915561E-003
 fkfun:          97   4.9649199011230745E-003   5.7861239531474436E-003
 fkfun:          98   4.9635459775223059E-003   5.7861243127410988E-003
 fkfun:          99   4.9642256991088863E-003   5.7861243290596122E-003
 fkfun:         100   4.9642609659649112E-003   5.7861243208366048E-003
 fkfun:         101   4.9641636029168100E-003   5.7861243356350407E-003
 fkfun:         102   4.9641227850847347E-003   5.7861243065878403E-003
 fkfun:         103   4.9642271466704309E-003   5.7861242579520002E-003
 fkfun:         104   4.9641297440812925E-003   5.7861241943080533E-003
 fkfun:         105   4.9642193269715494E-003   5.7861241865911038E-003
 fkfun:         106   4.9642017090796983E-003   5.7861241694555929E-003
 fkfun:         107   4.9641885075412942E-003   5.7861241993477789E-003
 fkfun:         108   4.9642225240254965E-003   5.7861242886293974E-003
 fkfun:         109   4.9641590327110553E-003   5.7861243276206816E-003
 fkfun:         110   4.9642144645170973E-003   5.7861243486564155E-003
 fkfun:         111   4.9641744812189094E-003   5.7861243839366916E-003
 fkfun:         112   4.9641710310891311E-003   5.7861243924236389E-003
 fkfun:         113   4.9641971396516670E-003   5.7861243973646162E-003
 fkfun:         114   4.9641532650879384E-003   5.7861244518708499E-003
 fkfun:         115   4.9642048357616229E-003   5.7861244842148715E-003
 fkfun:         116   4.9641670791348968E-003   5.7861244397788766E-003
 fkfun:         117   4.9641855966008402E-003   5.7861243909336866E-003
 fkfun:         118   4.9641612642428697E-003   5.7861243567019155E-003
 fkfun:         119   4.9642266882778232E-003   5.7861243715873652E-003
 fkfun:         120   4.9641859523820537E-003   5.7861243592634230E-003
 fkfun:         121   4.9642296766251766E-003   5.7861242831383098E-003
 fkfun:         122   4.9641568800345148E-003   5.7861242521828555E-003
 fkfun:         123   4.9642052667581106E-003   5.7861242435816645E-003
 fkfun:         124   4.9641938263404193E-003   5.7861242013495387E-003
 fkfun:         125   4.9641510880146459E-003   5.7861242163079448E-003
 fkfun:         126   4.9642192660099421E-003   5.7861242398154289E-003
 fkfun:         127   4.9641106125070129E-003   5.7861242772727891E-003
 fkfun:         128   4.9642020432549509E-003   5.7861243626218988E-003
 fkfun:         129   4.9641537555083467E-003   5.7861243696993919E-003
 fkfun:         130   4.9642210212108209E-003   5.7861243324789369E-003
 fkfun:         131   4.9642041315201505E-003   5.7861243393857583E-003
 fkfun:         132   4.9642027784533808E-003   5.7861243501982958E-003
 fkfun:         133   4.9642369603594702E-003   5.7861243751149722E-003
 fkfun:         134   4.9641728950646042E-003   5.7861244042023939E-003
 fkfun:         135   4.9641782033388020E-003   5.7861244134735533E-003
 fkfun:         136   4.9641226006103874E-003   5.7861243645187547E-003
 fkfun:         137   4.9642010225936463E-003   5.7861243035562107E-003
 fkfun:         138   4.9641779102363144E-003   5.7861242995301534E-003
 fkfun:         139   4.9641358155823627E-003   5.7861243676668190E-003
 fkfun:         140   4.9642149066168569E-003   5.7861244040022563E-003
 fkfun:         141   4.9641765735818416E-003   5.7861243910104247E-003
 fkfun:         142   4.9642306344684119E-003   5.7861243587448673E-003
 fkfun:         143   4.9641516450785973E-003   5.7861242821687009E-003
 fkfun:         144   4.9642566751597538E-003   5.7861242012391860E-003
 fkfun:         145   4.9641585654769862E-003   5.7861243896930705E-003
 fkfun:         146   3.4582704113308044E-006   5.8053508503068292E-003
 fkfun:         147   3.4467748693302162E-006   5.8053506654050045E-003
 fkfun:         148   3.4794033505608732E-006   5.8053508280021121E-003
 fkfun:         149   3.4585798430299266E-006   5.8053508246641529E-003
 fkfun:         150   3.4588027427210612E-006   5.8053507749294478E-003
 fkfun:         151   3.4587361878594662E-006   5.8053507470176569E-003
 fkfun:         152   3.4588248428422637E-006   5.8053507428321230E-003
 fkfun:         153   3.4588639440127979E-006   5.8053507272628462E-003
 fkfun:         154   3.4586050920784620E-006   5.8053507612552419E-003
 fkfun:         155   3.4592302556306762E-006   5.8053508482695517E-003
 fkfun:         156   3.4586194763979701E-006   5.8053508848079586E-003
 fkfun:         157   3.4600778271084963E-006   5.8053508647617118E-003
 fkfun:         158   3.4588794084858872E-006   5.8053508514465278E-003
 fkfun:         159   3.4591063540382935E-006   5.8053508830058454E-003
 fkfun:         160   3.4588520413167628E-006   5.8053509323664210E-003
 fkfun:         161   3.4590234374736037E-006   5.8053509402858560E-003
 fkfun:         162   3.4589776288154619E-006   5.8053509410825113E-003
 fkfun:         163   3.4592259118146436E-006   5.8053507583082408E-003
 fkfun:         164   3.4592143125458874E-006   5.8053509109672555E-003
 fkfun:         165   3.4591292746848869E-006   5.8053507823046628E-003
 fkfun:         166   3.4587394755948807E-006   5.8053507555216443E-003
 fkfun:         167   3.4589782782500988E-006   5.8053507558145645E-003
 fkfun:         168   3.4593430696568320E-006   5.8053507488340312E-003
 fkfun:         169   3.4590097510784007E-006   5.8053507485201234E-003
 fkfun:         170   3.4596328714042441E-006   5.8053507821579304E-003
 fkfun:         171   3.4588820828227354E-006   5.8053507741564724E-003
 fkfun:         172   3.4592256510441730E-006   5.8053507644427686E-003
 fkfun:         173   3.4592699495785038E-006   5.8053508250496717E-003
 fkfun:         174   3.4588204363607461E-006   5.8053508091858051E-003
 fkfun:         175   3.4590660948061188E-006   5.8053507782266827E-003
 fkfun:         176   3.4597634022275638E-006   5.8053507401115501E-003
 fkfun:         177   3.4594970889617560E-006   5.8053507155855803E-003
 fkfun:         178   3.4586674102600190E-006   5.8053507047100619E-003
 fkfun:         179   3.4594429745892839E-006   5.8053507147966680E-003
 fkfun:         180   3.4592507054286887E-006   5.8053507423283671E-003
 fkfun:         181   3.4592567767442306E-006   5.8053507568577977E-003
 fkfun:         182   3.4589733118503640E-006   5.8053507755871344E-003
 fkfun:         183   3.4592943248584131E-006   5.8053508649446714E-003
 fkfun:         184   3.4591805760791765E-006   5.8053508398017498E-003
 fkfun:         185   3.4595276480108869E-006   5.8053508142720759E-003
 fkfun:         186   3.4594161139150274E-006   5.8053507558179463E-003
 fkfun:         187   3.4592794047940306E-006   5.8053507225034199E-003
 fkfun:         188   3.4595953394501413E-006   5.8053507138232235E-003
 fkfun:         189   3.4586386969346852E-006   5.8053506929727520E-003
 fkfun:         190   3.4594592348164955E-006   5.8053507301277073E-003
 fkfun:         191   3.4587332237405778E-006   5.8053507503446301E-003
 fkfun:         192   3.4588094180742008E-006   5.8053507433336610E-003
 fkfun:         193   3.4588166315054704E-006   5.8053507368339904E-003
 fkfun:         194   3.4584139969058938E-006   5.8053507506570217E-003
 fkfun:         195   3.4612220463503596E-006   5.8053508488048388E-003
 fkfun:         196   3.4611365121337635E-006   5.8053507323001683E-003
 fkfun:         197   3.4589706075059078E-006   5.8053507393708232E-003
 fkfun:         198   3.4601841739026771E-006   5.8053507601854735E-003
 fkfun:         199   3.4582669519726535E-006   5.8053507134917387E-003
 fkfun:         200   3.4596399207628572E-006   5.8053506402045594E-003
 fkfun:         201   3.4584629874668876E-006   5.8053505673348951E-003
 fkfun:         202   3.4593670590117707E-006   5.8053505106608521E-003
 fkfun:         203   3.4581689103574579E-006   5.8053505590299941E-003
 fkfun:         204   3.4591533678964855E-006   5.8053506533270044E-003
 fkfun:         205   3.4585208752702654E-006   5.8053507449303448E-003
 fkfun:         206   3.4596696757899221E-006   5.8053508129556628E-003
 fkfun:         207   3.4592017063953025E-006   5.8053508112570562E-003
 fkfun:         208   3.4597989677184437E-006   5.8053508360839390E-003
 fkfun:         209   3.4591539091161145E-006   5.8053507740814256E-003
 fkfun:         210   3.4602385327948103E-006   5.8053507717918508E-003
 fkfun:         211   3.4593146269942464E-006   5.8053508180781338E-003
 fkfun:         212   3.4588635528170488E-006   5.8053508997735299E-003
 fkfun:         213   3.4592978427384057E-006   5.8053508715460046E-003
 fkfun:         214   3.4588011412925529E-006   5.8053508605541461E-003
 fkfun:         215   3.4588987646182470E-006   5.8053509067148602E-003
 fkfun:         216   3.4589942107729051E-006   5.8053509231337916E-003
 fkfun:         217   3.4594726115709319E-006   5.8053509180288065E-003
 fkfun:         218   3.4587940618263774E-006   5.8053508536765755E-003
 fkfun:         219   3.4591155920178147E-006   5.8053507806289806E-003
 fkfun:         220   3.4592917943720721E-006   5.8053507017951020E-003
 fkfun:         221   3.4597735499938652E-006   5.8053506467805127E-003
 fkfun:         222   3.4578564994067112E-006   5.8053506949523369E-003
 fkfun:         223   1.1802707750879025E-012   5.8027555231753986E-003
 ier           0
 timer:   219.59373600000001     
 solved ok, pH:    10.000000000000000     
   64.355831491722626     
 Free_Energy_Calc: Free energy(1) =    36.394916637796562     
 Free_Energy_Calc: Free energy(2) =    36.394917147276473     
 free energy after solving   36.394916637796562     
 save ok
 switch to pH =    9.0000000000000000     
 solve: Enter solver      1078000  eqs
FKINSETIIN: Unrecognized key.

 fkfun:           1   433.67564854888502        5.8204455781343273E-003
 fkfun:           2   433.67562202712941        5.8204455781709239E-003
 fkfun:           3   433.67562202712941        5.8204455781709239E-003
 fkfun:           4   77.381139938928442        5.8218649121480389E-003
 fkfun:           5   77.381124345646782        5.8218649124867532E-003
 fkfun:           6   77.381160440022001        5.8218649127656378E-003
 fkfun:           7   77.381145797534771        5.8218649108764007E-003
 fkfun:           8   77.381142247311018        5.8218649100699633E-003
 fkfun:           9   77.381138095970371        5.8218649077126849E-003
 fkfun:          10   77.381155241230886        5.8218649069713135E-003
 fkfun:          11   11.430863466178543        5.8705937358117946E-003
 fkfun:          12   11.430876195899907        5.8705937090947190E-003
 fkfun:          13   11.430858550092124        5.8705937331892223E-003
 fkfun:          14   11.430862891491543        5.8705937319151443E-003
 fkfun:          15   11.430864580848858        5.8705937291158678E-003
 fkfun:          16   11.430864020750994        5.8705937408931250E-003
 fkfun:          17   11.430863909371640        5.8705937295634005E-003
 fkfun:          18   11.430865479334498        5.8705937285705298E-003
 fkfun:          19   11.430864547151026        5.8705937321890667E-003
 fkfun:          20   11.430866710538105        5.8705937368673964E-003
 fkfun:          21   11.430864669844171        5.8705937347649879E-003
 fkfun:          22   11.430862414968642        5.8705937366412336E-003
 fkfun:          23   11.430870141709363        5.8705936244280209E-003
 fkfun:          24  0.43152937079500803        6.2562478080836004E-003
 fkfun:          25  0.43153332175939624        6.2562477683395599E-003
 fkfun:          26  0.43152723668062887        6.2562478034607219E-003
 fkfun:          27  0.43152954425820672        6.2562478022363385E-003
 fkfun:          28  0.43152930770718495        6.2562478008785071E-003
 fkfun:          29  0.43152982674722390        6.2562478025160947E-003
 fkfun:          30  0.43152948087826049        6.2562478130379811E-003
 fkfun:          31  0.43152935394602915        6.2562478038054722E-003
 fkfun:          32  0.43152932724931004        6.2562478048703287E-003
 fkfun:          33  0.43152914040287232        6.2562478029570649E-003
 fkfun:          34  0.43152918760111486        6.2562477995702845E-003
 fkfun:          35  0.43152928572991500        6.2562478004828271E-003
 fkfun:          36  0.43152973638291309        6.2562478016623289E-003
 fkfun:          37  0.43152925365760497        6.2562477991981984E-003
 fkfun:          38  0.43152957399460806        6.2562478004929579E-003
 fkfun:          39  0.43152906798983653        6.2562478019064539E-003
 fkfun:          40  0.43152947074090675        6.2562477991737952E-003
 fkfun:          41  0.43152929450502975        6.2562477919214741E-003
 fkfun:          42  0.43152986902236329        6.2562477868882433E-003
 fkfun:          43  0.43152970143771718        6.2562477902833617E-003
 fkfun:          44  0.43153353325740246        6.2562474343473033E-003
 fkfun:          45   1.1779710849901385E-003   6.3341298660862183E-003
 fkfun:          46   1.1784787139928516E-003   6.3341296944164896E-003
 fkfun:          47   1.1778167123702545E-003   6.3341298483826029E-003
 fkfun:          48   1.1779628669452919E-003   6.3341298307496427E-003
 fkfun:          49   1.1779598136869107E-003   6.3341298379369429E-003
 fkfun:          50   1.1780296270572262E-003   6.3341298437052428E-003
 fkfun:          51   1.1779496671195521E-003   6.3341298445821117E-003
 fkfun:          52   1.1780202772541943E-003   6.3341298456654612E-003
 fkfun:          53   1.1779697887615592E-003   6.3341298357565239E-003
 fkfun:          54   1.1779802955085761E-003   6.3341298350753335E-003
 fkfun:          55   1.1779553037286426E-003   6.3341298496070886E-003
 fkfun:          56   1.1779578024786871E-003   6.3341298456086759E-003
 fkfun:          57   1.1779782942566621E-003   6.3341298355682933E-003
 fkfun:          58   1.1779406125743614E-003   6.3341298244218485E-003
 fkfun:          59   1.1779734176154656E-003   6.3341298211686669E-003
 fkfun:          60   1.1779591367284761E-003   6.3341298147672805E-003
 fkfun:          61   1.1779821848007192E-003   6.3341298196914302E-003
 fkfun:          62   1.1779454517464206E-003   6.3341298204613126E-003
 fkfun:          63   1.1780065137893365E-003   6.3341298427833596E-003
 fkfun:          64   1.1779621736473516E-003   6.3341298561962068E-003
 fkfun:          65   1.1780052972029714E-003   6.3341298666887884E-003
 fkfun:          66   1.1779397509764187E-003   6.3341298936383222E-003
 fkfun:          67   1.1779785642121322E-003   6.3341299035735996E-003
 fkfun:          68   1.1779795885219833E-003   6.3341298939330777E-003
 fkfun:          69   1.1779832478804389E-003   6.3341298963243680E-003
 fkfun:          70   1.1779709009424725E-003   6.3341299031344032E-003
 fkfun:          71   1.1779618412705488E-003   6.3341299008638791E-003
 fkfun:          72   1.1779848053393581E-003   6.3341299056567466E-003
 fkfun:          73   1.1779573989956162E-003   6.3341299010782632E-003
 fkfun:          74   1.1780060868093751E-003   6.3341298863221068E-003
 fkfun:          75   1.1779582804538830E-003   6.3341298498318108E-003
 fkfun:          76   1.1779546560488623E-003   6.3341298347180343E-003
 fkfun:          77   1.1779799892306514E-003   6.3341298245876655E-003
 fkfun:          78   1.1779615777709831E-003   6.3341298237717487E-003
 fkfun:          79   1.1779758865459813E-003   6.3341298141582347E-003
 fkfun:          80   1.1780007603517753E-003   6.3341298072674742E-003
 fkfun:          81   1.1779511543791876E-003   6.3341298334129549E-003
 fkfun:          82   1.1780241176809769E-003   6.3341298299831195E-003
 fkfun:          83   1.1779629845571141E-003   6.3341298175152707E-003
 fkfun:          84   1.1779896486490994E-003   6.3341298302095035E-003
 fkfun:          85   1.1779480732940256E-003   6.3341298356203559E-003
 fkfun:          86   1.1780055505137153E-003   6.3341298329253910E-003
 fkfun:          87   1.1779551714102509E-003   6.3341298406152198E-003
 fkfun:          88   1.1779589641337364E-003   6.3341298373592748E-003
 fkfun:          89   1.1779731725371451E-003   6.3341298564958369E-003
 fkfun:          90   1.1779694402388086E-003   6.3341298747386001E-003
 fkfun:          91   1.1780006365560707E-003   6.3341296361438832E-003
 fkfun:          92   3.0886910296752435E-007   6.3524843229591822E-003
 fkfun:          93   3.0646194237006098E-007   6.3524842096088956E-003
 fkfun:          94   3.1442750190539371E-007   6.3524843048274595E-003
 fkfun:          95   3.0907996345146828E-007   6.3524842749794171E-003
 fkfun:          96   3.0938136183338422E-007   6.3524842921968121E-003
 fkfun:          97   3.1007997009760454E-007   6.3524843228958414E-003
 fkfun:          98   3.0872711697363320E-007   6.3524843283683076E-003
 fkfun:          99   3.1000743253462921E-007   6.3524843375363264E-003
 fkfun:         100   3.0891068207503650E-007   6.3524843302062411E-003
 fkfun:         101   3.0941389340322157E-007   6.3524843240660416E-003
 fkfun:         102   3.0924106463417677E-007   6.3524843084286535E-003
 fkfun:         103   3.0935611537752714E-007   6.3524842951548739E-003
 fkfun:         104   3.0962926699994604E-007   6.3524842982469335E-003
 fkfun:         105   3.0889458272291552E-007   6.3524842978628770E-003
 fkfun:         106   3.0963071179942534E-007   6.3524842895877707E-003
 fkfun:         107   3.0912537795352688E-007   6.3524842798648026E-003
 fkfun:         108   3.0960190729773780E-007   6.3524842743224478E-003
 fkfun:         109   3.0946397120598129E-007   6.3524842606743409E-003
 fkfun:         110   3.0964565308311122E-007   6.3524842806522075E-003
 fkfun:         111   3.0919417997340825E-007   6.3524842894361506E-003
 fkfun:         112   3.0966073044329510E-007   6.3524842672896568E-003
 fkfun:         113   3.0949422253623482E-007   6.3524842497793077E-003
 fkfun:         114   3.0927567549538283E-007   6.3524842508736815E-003
 fkfun:         115   3.0934586357514959E-007   6.3524842645098891E-003
 fkfun:         116   3.0935038111560031E-007   6.3524842862961927E-003
 fkfun:         117   3.0919934295481322E-007   6.3524842765827084E-003
 fkfun:         118   3.0937264450546896E-007   6.3524842740125100E-003
 fkfun:         119   3.0923078690497616E-007   6.3524842629379130E-003
 fkfun:         120   3.0979810145805586E-007   6.3524842552744650E-003
 fkfun:         121   3.0917048482334362E-007   6.3524842870021107E-003
 fkfun:         122   3.0982604946186756E-007   6.3524842948357160E-003
 fkfun:         123   3.0929750479249159E-007   6.3524842941038188E-003
 fkfun:         124   3.0980532584286843E-007   6.3524843151048184E-003
 fkfun:         125   3.0959015885574696E-007   6.3524843233315710E-003
 fkfun:         126   3.0943850983008259E-007   6.3524843548486499E-003
 fkfun:         127   3.0964778909194246E-007   6.3524843779232893E-003
 fkfun:         128   3.0934561432054196E-007   6.3524843603222740E-003
 fkfun:         129   3.0971649917334911E-007   6.3524843411984257E-003
 fkfun:         130   3.0921201301560870E-007   6.3524843300055613E-003
 fkfun:         131   3.0993869953896778E-007   6.3524843407554319E-003
 fkfun:         132   3.0916864970725518E-007   6.3524843548892207E-003
 fkfun:         133   3.0947230362809560E-007   6.3524843491255222E-003
 fkfun:         134   3.0929752331880040E-007   6.3524843514532253E-003
 fkfun:         135   3.0975992454192287E-007   6.3524843643042736E-003
 fkfun:         136   3.0959096345140456E-007   6.3524843471032605E-003
 fkfun:         137   3.0997826697217416E-007   6.3524843361582196E-003
 fkfun:         138   3.1004655375843641E-007   6.3524843356365093E-003
 fkfun:         139   3.0924365210557799E-007   6.3524843344557498E-003
 fkfun:         140   3.1017045421374393E-007   6.3524843279323335E-003
 fkfun:         141   3.0949654425940339E-007   6.3524843335123716E-003
 fkfun:         142   3.0991000247982480E-007   6.3524843239618992E-003
 fkfun:         143   3.0955885110194400E-007   6.3524842901760041E-003
 fkfun:         144   3.0953582198467505E-007   6.3524843057536154E-003
 fkfun:         145   3.0991599846497942E-007   6.3524843062065760E-003
 fkfun:         146   3.0974263887044383E-007   6.3524843129636015E-003
 fkfun:         147   3.0962985560439766E-007   6.3524843021241662E-003
 fkfun:         148   3.0982164566989114E-007   6.3524842690922323E-003
 fkfun:         149   3.0989238436034740E-007   6.3524842820909290E-003
 fkfun:         150   3.0975146183930111E-007   6.3524842670261393E-003
 fkfun:         151   3.0983316685526580E-007   6.3524842589294129E-003
 fkfun:         152   3.0974252478559311E-007   6.3524842364391194E-003
 fkfun:         153   3.0953783257069059E-007   6.3524842208059788E-003
 fkfun:         154   3.0986764639082952E-007   6.3524841967499456E-003
 fkfun:         155   3.0991686293633067E-007   6.3524842044875825E-003
 fkfun:         156   3.0979507882712139E-007   6.3524841923604863E-003
 fkfun:         157   3.0971876878933235E-007   6.3524842338567736E-003
 fkfun:         158   3.0975727704562618E-007   6.3524842377933669E-003
 fkfun:         159   3.0986497522121254E-007   6.3524842408943768E-003
 fkfun:         160   3.0977610586703337E-007   6.3524842736451242E-003
 fkfun:         161   3.0987943381864313E-007   6.3524842814417642E-003
 fkfun:         162   3.0983343314034301E-007   6.3524842805377070E-003
 fkfun:         163   3.0987426791827766E-007   6.3524842638912190E-003
 fkfun:         164   3.1006124010108625E-007   6.3524842421394051E-003
 fkfun:         165   3.1004991180757232E-007   6.3524842395881447E-003
 fkfun:         166   3.0989711911184389E-007   6.3524842949168889E-003
 fkfun:         167   3.1003107217325959E-007   6.3524843543693666E-003
 fkfun:         168   3.0995726565083448E-007   6.3524843038773177E-003
 fkfun:         169   3.0999051837651881E-007   6.3524843004595455E-003
 fkfun:         170   3.1002757673740806E-007   6.3524843147665239E-003
 fkfun:         171   3.0898559303009933E-007   6.3524843602245874E-003
 fkfun:         172   3.9296989924396796E-013   6.3522866921850284E-003
 ier           0
 timer:   174.78048899999999     
 solved ok, pH:    9.0000000000000000     
   75.652274071184692     
 Free_Energy_Calc: Free energy(1) =    44.010975721398111     
 Free_Energy_Calc: Free energy(2) =    44.010975687267617     
 free energy after solving   44.010975721398111     
 save ok
 switch to pH =    8.0000000000000000     
 solve: Enter solver      1078000  eqs
FKINSETIIN: Unrecognized key.

 fkfun:           1   233.23417955655071        6.5474892336673356E-003
 fkfun:           2   233.23416667660021        6.5474892338833078E-003
 fkfun:           3   233.23416667660021        6.5474892338833078E-003
 fkfun:           4   47.963074641711607        6.5544018388076731E-003
 fkfun:           5   47.963062394856436        6.5544018401550016E-003
 fkfun:           6   47.963087047726908        6.5544018403469939E-003
 fkfun:           7   47.963075706849708        6.5544018351245134E-003
 fkfun:           8   47.963078961866735        6.5544018358983727E-003
 fkfun:           9   47.963071856071686        6.5544018334937199E-003
 fkfun:          10   47.963089035332665        6.5544018264187612E-003
 fkfun:          11   7.0128547735797220        6.6296026801882400E-003
 fkfun:          12   7.0128615822884077        6.6296026402502262E-003
 fkfun:          13   7.0128525997859104        6.6296026775388159E-003
 fkfun:          14   7.0128535846239739        6.6296026755570574E-003
 fkfun:          15   7.0128563328857245        6.6296026741270494E-003
 fkfun:          16   7.0128554583694598        6.6296026857535157E-003
 fkfun:          17   7.0128552310108025        6.6296026865125431E-003
 fkfun:          18   7.0128570051090033        6.6296026741502799E-003
 fkfun:          19   7.0128537904190988        6.6296026766079069E-003
 fkfun:          20   7.0128563681265685        6.6296026837878320E-003
 fkfun:          21   7.0128541366643278        6.6296026765251155E-003
 fkfun:          22   7.0128546505178706        6.6296026816949740E-003
 fkfun:          23   7.0128563942064535        6.6296026796274507E-003
 fkfun:          24   7.0128595097739552        6.6296025293372043E-003
 fkfun:          25  0.18780898292992124        7.0834272427739665E-003
 fkfun:          26  0.18781168295154219        7.0834272018556500E-003
 fkfun:          27  0.18780770946084882        7.0834272406901655E-003
 fkfun:          28  0.18780886524415522        7.0834272441012399E-003
 fkfun:          29  0.18780899195700529        7.0834272433267726E-003
 fkfun:          30  0.18780890296680963        7.0834272371056153E-003
 fkfun:          31  0.18780914437144780        7.0834272337490225E-003
 fkfun:          32  0.18780902308589964        7.0834272313809246E-003
 fkfun:          33  0.18780894253239527        7.0834272319871818E-003
 fkfun:          34  0.18780890919992760        7.0834272348775183E-003
 fkfun:          35  0.18780895615590765        7.0834272368402312E-003
 fkfun:          36  0.18780873545146151        7.0834272334673685E-003
 fkfun:          37  0.18780891902864558        7.0834272281340210E-003
 fkfun:          38  0.18780900227632744        7.0834272231361361E-003
 fkfun:          39  0.18780912384765397        7.0834272188540354E-003
 fkfun:          40  0.18780897650166262        7.0834272272423419E-003
 fkfun:          41  0.18780912471450281        7.0834272256778364E-003
 fkfun:          42  0.18780882671158960        7.0834272277408598E-003
 fkfun:          43  0.18780885432552766        7.0834272291416551E-003
 fkfun:          44  0.18780912737454430        7.0834272244941236E-003
 fkfun:          45  0.18780884647138218        7.0834272117453901E-003
 fkfun:          46  0.18780920024745068        7.0834271998691739E-003
 fkfun:          47  0.18780880125840410        7.0834271926468175E-003
 fkfun:          48  0.18781190201881845        7.0834267856443789E-003
 fkfun:          49   1.4144497947789377E-004   7.1424705578380671E-003
 fkfun:          50   1.4158770370317400E-004   7.1424702909031702E-003
 fkfun:          51   1.4135868316736153E-004   7.1424705290229944E-003
 fkfun:          52   1.4144688246372898E-004   7.1424705172048013E-003
 fkfun:          53   1.4145424359390693E-004   7.1424705207773949E-003
 fkfun:          54   1.4145308140524958E-004   7.1424705282014224E-003
 fkfun:          55   1.4145303841833147E-004   7.1424705071927779E-003
 fkfun:          56   1.4144164963708308E-004   7.1424705081569494E-003
 fkfun:          57   1.4145120793148311E-004   7.1424705315567558E-003
 fkfun:          58   1.4143381445992821E-004   7.1424705452907264E-003
 fkfun:          59   1.4144361565006131E-004   7.1424705500085801E-003
 fkfun:          60   1.4144671671512498E-004   7.1424705477985944E-003
 fkfun:          61   1.4143548995241588E-004   7.1424705378383821E-003
 fkfun:          62   1.4145736725913022E-004   7.1424705208951826E-003
 fkfun:          63   1.4143524937706579E-004   7.1424705245723549E-003
 fkfun:          64   1.4144909888716089E-004   7.1424705435147945E-003
 fkfun:          65   1.4143996674517844E-004   7.1424705600015310E-003
 fkfun:          66   1.4144481839794963E-004   7.1424705698484034E-003
 fkfun:          67   1.4144844223434359E-004   7.1424705782132713E-003
 fkfun:          68   1.4144254372651339E-004   7.1424705889972405E-003
 fkfun:          69   1.4145211568102444E-004   7.1424705805570483E-003
 fkfun:          70   1.4144429095939710E-004   7.1424705779772812E-003
 fkfun:          71   1.4143849638913449E-004   7.1424705172362275E-003
 fkfun:          72   1.4144781187258002E-004   7.1424706084161618E-003
 fkfun:          73   1.4144708442948473E-004   7.1424705118580427E-003
 fkfun:          74   1.4144629191265341E-004   7.1424705182548268E-003
 fkfun:          75   1.4144459376361828E-004   7.1424705141478325E-003
 fkfun:          76   1.4144850039446837E-004   7.1424705026216411E-003
 fkfun:          77   1.4144085361980689E-004   7.1424704799382304E-003
 fkfun:          78   1.4145504366603332E-004   7.1424704842901659E-003
 fkfun:          79   1.4144252842334038E-004   7.1424705129745757E-003
 fkfun:          80   1.4144377696545483E-004   7.1424705228142578E-003
 fkfun:          81   1.4143921331574556E-004   7.1424705281462417E-003
 fkfun:          82   1.4145114481334476E-004   7.1424705120975082E-003
 fkfun:          83   1.4143534001978636E-004   7.1424704998298812E-003
 fkfun:          84   1.4145256400825059E-004   7.1424705078079360E-003
 fkfun:          85   1.4143924532541500E-004   7.1424705229686707E-003
 fkfun:          86   1.4145167524723103E-004   7.1424705423259183E-003
 fkfun:          87   1.4144356921956875E-004   7.1424705721149723E-003
 fkfun:          88   1.4144881782104528E-004   7.1424705635300409E-003
 fkfun:          89   1.4144562496610081E-004   7.1424705705923726E-003
 fkfun:          90   1.4144700188136247E-004   7.1424705805983989E-003
 fkfun:          91   1.4144312576640008E-004   7.1424706000857621E-003
 fkfun:          92   1.4145277513527067E-004   7.1424705714825797E-003
 fkfun:          93   1.4144911637304982E-004   7.1424705598307579E-003
 fkfun:          94   1.4144612037355025E-004   7.1424705933133183E-003
 fkfun:          95   1.4144276033318745E-004   7.1424705256160894E-003
 fkfun:          96   1.4143638189537464E-004   7.1424705212563694E-003
 fkfun:          97   1.4144576364306371E-004   7.1424705087346713E-003
 fkfun:          98   1.4144702586320497E-004   7.1424705116461739E-003
 fkfun:          99   1.4144845840416610E-004   7.1424705174116983E-003
 fkfun:         100   1.4144669959296368E-004   7.1424705366288019E-003
 fkfun:         101   1.4144502368867664E-004   7.1424705501644510E-003
 fkfun:         102   1.4144158432746680E-004   7.1424705462934364E-003
 fkfun:         103   1.4144576391502434E-004   7.1424705167185921E-003
 fkfun:         104   1.4145307367628652E-004   7.1424704875472011E-003
 fkfun:         105   1.4144863225058548E-004   7.1424704599738816E-003
 fkfun:         106   1.4144861364429992E-004   7.1424704608504903E-003
 fkfun:         107   1.4144004842020570E-004   7.1424704674256118E-003
 fkfun:         108   1.4144436409682019E-004   7.1424704820877679E-003
 fkfun:         109   1.4144885728178399E-004   7.1424705400857458E-003
 fkfun:         110   1.4144891338549061E-004   7.1424703449052837E-003
 fkfun:         111   3.3946413285067050E-009   7.1577990910758095E-003
 fkfun:         112   3.7588748714582634E-009   7.1577988897494720E-003
 fkfun:         113   3.5405252091430065E-009   7.1577990584394046E-003
 fkfun:         114   4.0136517670011840E-009   7.1577990791710407E-003
 fkfun:         115   4.1060745650357417E-009   7.1577991185569302E-003
 fkfun:         116   4.1166369838525475E-009   7.1577991204717500E-003
 fkfun:         117   4.0975292780963403E-009   7.1577991249881390E-003
 fkfun:         118   4.1435541574444211E-009   7.1577990227289752E-003
 fkfun:         119   4.1205226461970373E-009   7.1577990274600510E-003
 fkfun:         120   4.1687767021961802E-009   7.1577990309216050E-003
 fkfun:         121   4.1770950751556548E-009   7.1577990478159555E-003
 fkfun:         122   4.1638484198814595E-009   7.1577991126531553E-003
 fkfun:         123   4.1866769390791357E-009   7.1577990775216161E-003
 fkfun:         124   4.1491003697691420E-009   7.1577991217647210E-003
 fkfun:         125   4.1738852834412873E-009   7.1577990449673149E-003
 fkfun:         126   4.1472494783408340E-009   7.1577991598364456E-003
 fkfun:         127   4.1390275776513918E-009   7.1577990168588150E-003
 fkfun:         128   4.1259835543034830E-009   7.1577989978752277E-003
 fkfun:         129   4.1512776455136315E-009   7.1577989979099343E-003
 fkfun:         130   4.1435523692508339E-009   7.1577989829264624E-003
 fkfun:         131   4.2023261296897968E-009   7.1577989801158721E-003
 fkfun:         132   4.1373129942418533E-009   7.1577989880720304E-003
 fkfun:         133   4.1543638264358765E-009   7.1577991957360943E-003
 fkfun:         134   4.1532646921513315E-009   7.1577989840017472E-003
 fkfun:         135   4.2057040590235881E-009   7.1577991494992119E-003
 fkfun:         136   4.1564514332372015E-009   7.1577990465784662E-003
 fkfun:         137   4.1763549474143024E-009   7.1577991502176919E-003
 fkfun:         138   4.1488255961308853E-009   7.1577991443698445E-003
 fkfun:         139   4.2132262828486966E-009   7.1577991246777233E-003
 fkfun:         140   4.1228597878354280E-009   7.1577990993162716E-003
 fkfun:         141   4.2037017179220955E-009   7.1577990992968479E-003
 fkfun:         142   4.1124000321208079E-009   7.1577990826017157E-003
 fkfun:         143   4.2534276427460950E-009   7.1577990959321514E-003
 fkfun:         144   4.1029177087325116E-009   7.1577991013562613E-003
 fkfun:         145   4.2595919899591751E-009   7.1577990591902146E-003
 fkfun:         146   4.2253055587816807E-009   7.1577990352908434E-003
 fkfun:         147   4.2044691860259091E-009   7.1577990003198156E-003
 fkfun:         148   4.1611066069451078E-009   7.1577989985977817E-003
 fkfun:         149   4.2239350175496817E-009   7.1577989830213778E-003
 fkfun:         150   4.1858808923974404E-009   7.1577989699431986E-003
 fkfun:         151   4.2193184876914328E-009   7.1577989850066283E-003
 fkfun:         152   4.1820030395333222E-009   7.1577989983338695E-003
 fkfun:         153   4.2075837124695864E-009   7.1577989779828934E-003
 fkfun:         154   4.1884746138672131E-009   7.1577989766813867E-003
 fkfun:         155   4.2325686039395299E-009   7.1577989724767701E-003
 fkfun:         156   4.2286941306196689E-009   7.1577989509543300E-003
 fkfun:         157   4.1925201532253575E-009   7.1577989916706214E-003
 fkfun:         158   4.1937470965430574E-009   7.1577990153998284E-003
 fkfun:         159   4.2178345145363000E-009   7.1577990297757620E-003
 fkfun:         160   4.1950297505844478E-009   7.1577990733114475E-003
 fkfun:         161   4.2345388180913406E-009   7.1577991042133769E-003
 fkfun:         162   4.1738562969330430E-009   7.1577991172226945E-003
 fkfun:         163   4.2078208952595589E-009   7.1577991108719152E-003
 fkfun:         164   4.2382725738241496E-009   7.1577991112833665E-003
 fkfun:         165   4.2972638955048202E-009   7.1577991047948519E-003
 fkfun:         166   4.2081862661275000E-009   7.1577990921494498E-003
 fkfun:         167   4.2510052133487904E-009   7.1577990923349620E-003
 fkfun:         168   4.2372711026171322E-009   7.1577990978583103E-003
 fkfun:         169   4.2575687730022565E-009   7.1577990946250268E-003
 fkfun:         170   4.2793763892364817E-009   7.1577990935596785E-003
 fkfun:         171   4.2580672087440476E-009   7.1577991232230700E-003
 fkfun:         172   4.3538438718556507E-009   7.1577991091756488E-003
 fkfun:         173   4.1487139049777639E-009   7.1577989927041922E-003
 fkfun:         174   4.5856338242665025E-009   7.1577989458181954E-003
 fkfun:         175   4.4161268185065312E-009   7.1577989700680909E-003
 fkfun:         176   4.3930939744365574E-009   7.1577989707647498E-003
 fkfun:         177   4.3674684414927178E-009   7.1577990227159249E-003
 fkfun:         178   4.4228728273103540E-009   7.1577990662117473E-003
 fkfun:         179   4.4503686929830941E-009   7.1577990978678339E-003
 fkfun:         180   4.4902415002713277E-009   7.1577991119532412E-003
 fkfun:         181   4.4508171595052036E-009   7.1577991421643596E-003
 fkfun:         182   4.3970369884784931E-009   7.1577990164101400E-003
 fkfun:         183   4.4596547483178437E-009   7.1577990111477792E-003
 fkfun:         184   4.4353329565443791E-009   7.1577989653178638E-003
 fkfun:         185   4.4904218319506747E-009   7.1577989929103268E-003
 fkfun:         186   4.5208358560140863E-009   7.1577990216485001E-003
 fkfun:         187   4.4039081080545841E-009   7.1577990706292302E-003
 fkfun:         188   4.4471645506260644E-009   7.1577990684770412E-003
 fkfun:         189   4.4902377326845940E-009   7.1577990542442335E-003
 fkfun:         190   4.4786873076497906E-009   7.1577990342531744E-003
 fkfun:         191   4.5463933537880061E-009   7.1577989873721198E-003
 fkfun:         192   4.4820315898762012E-009   7.1577989673811925E-003
 fkfun:         193   4.4387697854073647E-009   7.1577989149629786E-003
 fkfun:         194   4.4947973841838937E-009   7.1577988986085321E-003
 fkfun:         195   4.5288018394881467E-009   7.1577988933851748E-003
 fkfun:         196   4.4952246318801888E-009   7.1577989111093364E-003
 fkfun:         197   4.5229092671416558E-009   7.1577989937136165E-003
 fkfun:         198   4.5289842702833061E-009   7.1577990327187941E-003
 fkfun:         199   4.5353457883550861E-009   7.1577990728613743E-003
 fkfun:         200   4.5074464083724941E-009   7.1577990587101334E-003
 fkfun:         201   4.5050555444400583E-009   7.1577990470746327E-003
 fkfun:         202   4.5879319764912814E-009   7.1577990387524243E-003
 fkfun:         203   4.5294616612088146E-009   7.1577990149560211E-003
 fkfun:         204   4.5381796937886901E-009   7.1577990327242125E-003
 fkfun:         205   4.5138553956241915E-009   7.1577990347548859E-003
 fkfun:         206   4.5236188105276862E-009   7.1577990303346301E-003
 fkfun:         207   4.5046122125272485E-009   7.1577990133173900E-003
 fkfun:         208   4.5858295813637647E-009   7.1577990080190996E-003
 fkfun:         209   4.5111663751840505E-009   7.1577990117782176E-003
 fkfun:         210   4.5830920491987333E-009   7.1577990609022332E-003
 fkfun:         211   3.4135889650577027E-009   7.1577990493777947E-003
 fkfun:         212   8.3712487152252824E-017   7.1578140531189218E-003
 ier           0
 timer:   228.64546799999999     
 solved ok, pH:    8.0000000000000000     
   82.601885040267859     
 Free_Energy_Calc: Free energy(1) =    44.952610756550989     
 Free_Energy_Calc: Free energy(2) =    44.952610771249155     
 free energy after solving   44.952610756550989     
 save ok
 switch to pH =    7.0000000000000000     
 solve: Enter solver      1078000  eqs
FKINSETIIN: Unrecognized key.

 fkfun:           1   251.92393502177134        9.6386228065985253E-003
 fkfun:           2   251.92396742278618        9.6386228016758814E-003
 fkfun:           3   251.92396742278618        9.6386228016758814E-003
 fkfun:           4   26.339042716746448        9.7065941072989569E-003
 fkfun:           5   26.339051902378291        9.7065940781742941E-003
 fkfun:           6   26.339032301179316        9.7065940678482746E-003
 fkfun:           7   26.339044582193182        9.7065940879567068E-003
 fkfun:           8   26.339042376933804        9.7065940773250151E-003
 fkfun:           9   26.339043314512789        9.7065940953120333E-003
 fkfun:          10   26.339041610419777        9.7065940953573390E-003
 fkfun:          11   26.339041511082371        9.7065940979730939E-003
 fkfun:          12   26.339043146426487        9.7065941069485791E-003
 fkfun:          13   26.339057258031925        9.7065937223769147E-003
 fkfun:          14   3.5459186413711636        1.1055476374615038E-002
 fkfun:          15   3.5459264908673211        1.1055475951848045E-002
 fkfun:          16   3.5459212037362122        1.1055476384087819E-002
 fkfun:          17   3.5459178792609154        1.1055476370059320E-002
 fkfun:          18   3.5459189449050239        1.1055476375901057E-002
 fkfun:          19   3.5459190441144655        1.1055476378202277E-002
 fkfun:          20   3.5459188758007389        1.1055476376338627E-002
 fkfun:          21   3.5459189025543409        1.1055476373318152E-002
 fkfun:          22   3.5459184512935615        1.1055476378085355E-002
 fkfun:          23   3.5459187653761619        1.1055476364297720E-002
 fkfun:          24   3.5459186498959330        1.1055476400687721E-002
 fkfun:          25   3.5459194127894853        1.1055476402879051E-002
 fkfun:          26   3.5459193765398243        1.1055476394452920E-002
 fkfun:          27   3.5459246655770453        1.1055475246957823E-002
 fkfun:          28   7.0053073395793405E-002   1.2437394295956573E-002
 fkfun:          29   7.0054827735545347E-002   1.2437394367635603E-002
 fkfun:          30   7.0052147385468902E-002   1.2437394310446489E-002
 fkfun:          31   7.0053098431259356E-002   1.2437394308846040E-002
 fkfun:          32   7.0053075247529559E-002   1.2437394290569549E-002
 fkfun:          33   7.0053112650983365E-002   1.2437394266644685E-002
 fkfun:          34   7.0053052956153314E-002   1.2437394241300487E-002
 fkfun:          35   7.0053102997146344E-002   1.2437394229336042E-002
 fkfun:          36   7.0053062404166186E-002   1.2437394220443434E-002
 fkfun:          37   7.0053128546444424E-002   1.2437394235400683E-002
 fkfun:          38   7.0053015160441309E-002   1.2437394225557844E-002
 fkfun:          39   7.0053125908259711E-002   1.2437394184071231E-002
 fkfun:          40   7.0052931945354072E-002   1.2437394164359824E-002
 fkfun:          41   7.0053076316866580E-002   1.2437394202766371E-002
 fkfun:          42   7.0053017930973724E-002   1.2437394216021582E-002
 fkfun:          43   7.0053074740138180E-002   1.2437394215860419E-002
 fkfun:          44   7.0052938731205147E-002   1.2437394231093071E-002
 fkfun:          45   7.0053104663486285E-002   1.2437394227392885E-002
 fkfun:          46   7.0053049101041015E-002   1.2437394196729099E-002
 fkfun:          47   7.0053121150217654E-002   1.2437394230398064E-002
 fkfun:          48   7.0053099997748808E-002   1.2437394254854147E-002
 fkfun:          49   7.0053157665892374E-002   1.2437394270587942E-002
 fkfun:          50   7.0053111104502033E-002   1.2437394272995070E-002
 fkfun:          51   7.0053099164334859E-002   1.2437394263080583E-002
 fkfun:          52   7.0053048970550050E-002   1.2437394272676545E-002
 fkfun:          53   7.0053110656279449E-002   1.2437394308188642E-002
 fkfun:          54   7.0053068003067903E-002   1.2437394346629514E-002
 fkfun:          55   7.0053092477529097E-002   1.2437394358598333E-002
 fkfun:          56   7.0053063601891591E-002   1.2437394347207512E-002
 fkfun:          57   7.0053069805707233E-002   1.2437394329615430E-002
 fkfun:          58   7.0053126966671986E-002   1.2437394363478868E-002
 fkfun:          59   7.0052983008639755E-002   1.2437394368519664E-002
 fkfun:          60   7.0053022659815140E-002   1.2437394207224770E-002
 fkfun:          61   7.0052945911477066E-002   1.2437394393642744E-002
 fkfun:          62   7.0053071408863549E-002   1.2437394156409138E-002
 fkfun:          63   7.0053104380409154E-002   1.2437394139191383E-002
 fkfun:          64   7.0053061373001380E-002   1.2437394181617071E-002
 fkfun:          65   7.0053078783242018E-002   1.2437394215653583E-002
 fkfun:          66   7.0052951728708845E-002   1.2437394231055325E-002
 fkfun:          67   7.0053026850183414E-002   1.2437394244592550E-002
 fkfun:          68   7.0053067785056378E-002   1.2437394259859539E-002
 fkfun:          69   7.0053037109861160E-002   1.2437394252536229E-002
 fkfun:          70   7.0053100015343123E-002   1.2437394242077921E-002
 fkfun:          71   7.0053057790259388E-002   1.2437394251959461E-002
 fkfun:          72   7.0053181913018125E-002   1.2437394242466298E-002
 fkfun:          73   7.0053061788849305E-002   1.2437394284273189E-002
 fkfun:          74   7.0053157012347794E-002   1.2437394317365624E-002
 fkfun:          75   7.0053061175065989E-002   1.2437394293543758E-002
 fkfun:          76   7.0053070174220494E-002   1.2437394258915463E-002
 fkfun:          77   7.0053067913512318E-002   1.2437394217223046E-002
 fkfun:          78   7.0053015964082296E-002   1.2437394207038406E-002
 fkfun:          79   7.0053095512749325E-002   1.2437394256213319E-002
 fkfun:          80   7.0053058398134541E-002   1.2437394330714864E-002
 fkfun:          81   7.0053058702723020E-002   1.2437394380788808E-002
 fkfun:          82   7.0053086075484813E-002   1.2437394159511268E-002
 fkfun:          83   7.0053077487455984E-002   1.2437394173122446E-002
 fkfun:          84   7.0053119837133124E-002   1.2437394126679409E-002
 fkfun:          85   7.0053036455827444E-002   1.2437394127735233E-002
 fkfun:          86   7.0053093986907233E-002   1.2437394176994849E-002
 fkfun:          87   7.0053061545521697E-002   1.2437394165480776E-002
 fkfun:          88   7.0053018709129208E-002   1.2437394174209979E-002
 fkfun:          89   7.0052997536943162E-002   1.2437394195565138E-002
 fkfun:          90   7.0053033959172631E-002   1.2437394103353551E-002
 fkfun:          91   7.0053038463545547E-002   1.2437394106919419E-002
 fkfun:          92   7.0053024229268804E-002   1.2437394115594825E-002
 fkfun:          93   7.0053099206897368E-002   1.2437394169160574E-002
 fkfun:          94   7.0053132306700475E-002   1.2437394195424613E-002
 fkfun:          95   7.0053094055636478E-002   1.2437394181572862E-002
 fkfun:          96   7.0053161431408772E-002   1.2437394176170111E-002
 fkfun:          97   7.0053081930826544E-002   1.2437394179921731E-002
 fkfun:          98   7.0053118772653897E-002   1.2437394146117931E-002
 fkfun:          99   7.0053072020557300E-002   1.2437394173419368E-002
 fkfun:         100   7.0053037494914913E-002   1.2437394239409372E-002
 fkfun:         101   7.0053514753157339E-002   1.2437393943704059E-002
 fkfun:         102   8.1682221060625173E-006   1.2549748237349063E-002
 fkfun:         103   8.1907486183693362E-006   1.2549748200819368E-002
 fkfun:         104   8.1602057668322956E-006   1.2549748233307347E-002
 fkfun:         105   8.1706403976331208E-006   1.2549748233330891E-002
 fkfun:         106   8.1677948694033553E-006   1.2549748248859563E-002
 fkfun:         107   8.1672318630977218E-006   1.2549748241343662E-002
 fkfun:         108   8.1698130602155297E-006   1.2549748210930183E-002
 fkfun:         109   8.1687037142990593E-006   1.2549748201766681E-002
 fkfun:         110   8.1690444496857137E-006   1.2549748223984629E-002
 fkfun:         111   8.1678247080592883E-006   1.2549748249520615E-002
 fkfun:         112   8.1673397465811270E-006   1.2549748206612329E-002
 fkfun:         113   8.1673885829520009E-006   1.2549748263329878E-002
 fkfun:         114   8.1695363097130372E-006   1.2549748239111383E-002
 fkfun:         115   8.1670870668770827E-006   1.2549748210700939E-002
 fkfun:         116   8.1681452730600140E-006   1.2549748189093471E-002
 fkfun:         117   8.1669592652890346E-006   1.2549748198069095E-002
 fkfun:         118   8.1673163324885865E-006   1.2549748216805934E-002
 fkfun:         119   8.1670593965924400E-006   1.2549748219225047E-002
 fkfun:         120   8.1679307747561347E-006   1.2549748216396440E-002
 fkfun:         121   8.1680800960185039E-006   1.2549748201390891E-002
 fkfun:         122   8.1685045789047262E-006   1.2549748191067803E-002
 fkfun:         123   8.1684755168249825E-006   1.2549748211248180E-002
 fkfun:         124   8.1689051080077505E-006   1.2549748226329191E-002
 fkfun:         125   8.1690069544774137E-006   1.2549748242164807E-002
 fkfun:         126   8.1687818121535062E-006   1.2549748242119281E-002
 fkfun:         127   8.1690270914807253E-006   1.2549748236523143E-002
 fkfun:         128   8.1688556142744353E-006   1.2549748240230221E-002
 fkfun:         129   8.1689354682707974E-006   1.2549748222566205E-002
 fkfun:         130   8.1687767784945494E-006   1.2549748238185721E-002
 fkfun:         131   8.1689470072544773E-006   1.2549748229933540E-002
 fkfun:         132   8.1690944343109223E-006   1.2549748228104986E-002
 fkfun:         133   8.1905283347479177E-006   1.2549747863160009E-002
 fkfun:         134   7.0133340338904877E-010   1.2550022449816827E-002
 fkfun:         135   8.6578670099403716E-010   1.2550022382736111E-002
 fkfun:         136   8.1561548618568025E-010   1.2550022452762785E-002
 fkfun:         137   9.2253548165953982E-010   1.2550022491167680E-002
 fkfun:         138   9.3720359975934084E-010   1.2550022475883984E-002
 fkfun:         139   9.3901925695042883E-010   1.2550022461503616E-002
 fkfun:         140   9.4307572327468063E-010   1.2550022481927771E-002
 fkfun:         141   9.4950834094164960E-010   1.2550022478902755E-002
 fkfun:         142   9.6932402253157824E-010   1.2550022494436109E-002
 fkfun:         143   9.8601456471486170E-010   1.2550022494682725E-002
 fkfun:         144   1.0039555903051876E-009   1.2550022467271542E-002
 fkfun:         145   1.0016384524710786E-009   1.2550022444676881E-002
 fkfun:         146   9.8662875165956869E-010   1.2550022440737826E-002
 fkfun:         147   1.0123275686428312E-009   1.2550022431995841E-002
 fkfun:         148   1.0129491898041048E-009   1.2550022425051606E-002
 fkfun:         149   9.8988700630953628E-010   1.2550022444857529E-002
 fkfun:         150   9.9652288570032618E-010   1.2550022417973936E-002
 fkfun:         151   1.0447644292296596E-009   1.2550022414315815E-002
 fkfun:         152   1.0591053784450690E-009   1.2550022488186196E-002
 fkfun:         153   1.0398892870445930E-009   1.2550022511863811E-002
 fkfun:         154   1.0509778442483710E-009   1.2550022525012828E-002
 fkfun:         155   1.0690431298471949E-009   1.2550022532938451E-002
 fkfun:         156   1.0610785210943259E-009   1.2550022520878475E-002
 fkfun:         157   1.0240008411467064E-009   1.2550022463395514E-002
 fkfun:         158   1.0103447181526385E-009   1.2550022388755692E-002
 fkfun:         159   1.0193813086165033E-009   1.2550022402350635E-002
 fkfun:         160   1.0447494056863178E-009   1.2550022410144936E-002
 fkfun:         161   1.0378342047025154E-009   1.2550022401129001E-002
 fkfun:         162   1.0394105592865915E-009   1.2550022376885683E-002
 fkfun:         163   1.0322199812897701E-009   1.2550022381033673E-002
 fkfun:         164   9.9935762821935636E-010   1.2550022436378436E-002
 fkfun:         165   1.1042327255125598E-009   1.2550022469043716E-002
 fkfun:         166   1.0227030908982738E-009   1.2550022461160758E-002
 fkfun:         167   1.1977443594397752E-009   1.2550022362118695E-002
 fkfun:         168   1.2237570174584025E-009   1.2550022333590123E-002
 fkfun:         169   1.1700553948133792E-009   1.2550022284790392E-002
 fkfun:         170   1.1875813823555902E-009   1.2550022228883425E-002
 fkfun:         171   1.2312675480193533E-009   1.2550022289142048E-002
 fkfun:         172   1.2242007616932565E-009   1.2550022331430408E-002
 fkfun:         173   1.2388718373996186E-009   1.2550022317636203E-002
 fkfun:         174   1.2606617109315959E-009   1.2550022404060800E-002
 fkfun:         175   1.2598535741868339E-009   1.2550022343908644E-002
 fkfun:         176   1.2507555315346267E-009   1.2550022263050976E-002
 fkfun:         177   1.2900535611372791E-009   1.2550022360654563E-002
 fkfun:         178   1.3316712430335186E-009   1.2550022369484555E-002
 fkfun:         179   1.3274802847635539E-009   1.2550022382472350E-002
 fkfun:         180   1.3290531078241137E-009   1.2550022342514757E-002
 fkfun:         181   1.3589324653637040E-009   1.2550022356874342E-002
 fkfun:         182   1.3679521538281884E-009   1.2550022316158111E-002
 fkfun:         183   1.3789835343387105E-009   1.2550022300234014E-002
 fkfun:         184   1.3811052145196280E-009   1.2550022385721128E-002
 fkfun:         185   1.4116280947074973E-009   1.2550022409412737E-002
 fkfun:         186   1.4256703547867319E-009   1.2550022459890611E-002
 fkfun:         187   1.4350626339139924E-009   1.2550022428350554E-002
 fkfun:         188   1.4353955916692412E-009   1.2550022437696757E-002
 fkfun:         189   1.4568254567076624E-009   1.2550022410472018E-002
 fkfun:         190   1.4656282835648896E-009   1.2550022396700618E-002
 fkfun:         191   1.4639832749549407E-009   1.2550022438992224E-002
 fkfun:         192   1.4863146961287390E-009   1.2550022434049219E-002
 fkfun:         193   1.5167635713830884E-009   1.2550022472673672E-002
 fkfun:         194   1.4393151025524892E-009   1.2550022391003444E-002
 fkfun:         195   1.5908987549933632E-009   1.2550022364690079E-002
 fkfun:         196   1.5597889069617492E-009   1.2550022547487662E-002
 fkfun:         197   1.5161900645259981E-009   1.2550022533827037E-002
 fkfun:         198   1.5833795346753470E-009   1.2550022457103594E-002
 fkfun:         199   1.5800712362638711E-009   1.2550022464229886E-002
 fkfun:         200   1.5377449012494799E-009   1.2550022471529497E-002
 fkfun:         201   1.5870197033737348E-009   1.2550022478919011E-002
 fkfun:         202   1.5922528537284633E-009   1.2550022495813400E-002
 fkfun:         203   1.5781708028234451E-009   1.2550022498867655E-002
 fkfun:         204   1.5960087833557091E-009   1.2550022464322200E-002
 fkfun:         205   1.6249699571192929E-009   1.2550022474093028E-002
 fkfun:         206   1.6110885880166926E-009   1.2550022491603379E-002
 fkfun:         207   1.6388064835890456E-009   1.2550022496279845E-002
 fkfun:         208   1.6705834293670360E-009   1.2550022565909091E-002
 fkfun:         209   1.6889270452413842E-009   1.2550022590197676E-002
 fkfun:         210   1.6866466958268392E-009   1.2550022306585983E-002
 fkfun:         211   1.6707618829278774E-009   1.2550022297261217E-002
 fkfun:         212   1.6649335786542239E-009   1.2550022255198207E-002
 fkfun:         213   1.7175501953648761E-009   1.2550022329664576E-002
 fkfun:         214   1.7403102384633321E-009   1.2550022372362064E-002
 fkfun:         215   1.7378009339655135E-009   1.2550022387645510E-002
 fkfun:         216   1.7330855964483517E-009   1.2550022374858576E-002
 fkfun:         217   1.7378693718312861E-009   1.2550022350535959E-002
 fkfun:         218   1.7242401876238321E-009   1.2550022341322910E-002
 fkfun:         219   1.7290856411226916E-009   1.2550022330779476E-002
 fkfun:         220   1.7084688135987902E-009   1.2550022309580175E-002
 fkfun:         221   1.7003156996723532E-009   1.2550022329071818E-002
 fkfun:         222   1.7596935154314609E-009   1.2550022326755733E-002
 fkfun:         223   7.0744933770222867E-010   1.2550022434622183E-002
 fkfun:         224   8.1809451974254767E-017   1.2550025942235888E-002
 ier           0
 timer:   239.29588300000000     
 solved ok, pH:    7.0000000000000000     
   82.586800805165296     
 Free_Energy_Calc: Free energy(1) =    36.151770350058030     
 Free_Energy_Calc: Free energy(2) =    36.151770363704358     
 free energy after solving   36.151770350058030     
 save ok
Note: The following floating-point exceptions are signalling: IEEE_DIVIDE_BY_ZERO IEEE_UNDERFLOW_FLAG IEEE_DENORMAL
Note: The following floating-point exceptions are signalling: IEEE_DIVIDE_BY_ZERO IEEE_UNDERFLOW_FLAG IEEE_DENORMAL
Note: The following floating-point exceptions are signalling: IEEE_DIVIDE_BY_ZERO IEEE_UNDERFLOW_FLAG IEEE_DENORMAL
Note: The following floating-point exceptions are signalling: IEEE_DIVIDE_BY_ZERO IEEE_UNDERFLOW_FLAG IEEE_DENORMAL
Note: The following floating-point exceptions are signalling: IEEE_DIVIDE_BY_ZERO IEEE_UNDERFLOW_FLAG IEEE_DENORMAL
Note: The following floating-point exceptions are signalling: IEEE_DIVIDE_BY_ZERO IEEE_UNDERFLOW_FLAG IEEE_DENORMAL
Note: The following floating-point exceptions are signalling: IEEE_DIVIDE_BY_ZERO IEEE_UNDERFLOW_FLAG IEEE_DENORMAL
Note: The following floating-point exceptions are signalling: IEEE_DIVIDE_BY_ZERO IEEE_UNDERFLOW_FLAG IEEE_DENORMAL
